  stdafx.cpp
  BigNumbers.cpp
c:\users\thedr_000\documents\eclipse c workspace\cs256-cplusplusprogramming\bignumberslibrary\bignumberslibrary\bignumbers.cpp(30): warning C4018: '<': signed/unsigned mismatch
c:\users\thedr_000\documents\eclipse c workspace\cs256-cplusplusprogramming\bignumberslibrary\bignumberslibrary\bignumbers.cpp(39): warning C4018: '<': signed/unsigned mismatch
c:\users\thedr_000\documents\eclipse c workspace\cs256-cplusplusprogramming\bignumberslibrary\bignumberslibrary\bignumbers.cpp(65): warning C4018: '<': signed/unsigned mismatch
c:\users\thedr_000\documents\eclipse c workspace\cs256-cplusplusprogramming\bignumberslibrary\bignumberslibrary\bignumbers.cpp(240): warning C4297: 'BigNumbers::operator /': function assumed not to throw an exception but does
  c:\users\thedr_000\documents\eclipse c workspace\cs256-cplusplusprogramming\bignumberslibrary\bignumberslibrary\bignumbers.cpp(240): note: __declspec(nothrow), throw(), noexcept(true), or noexcept was specified on the function
c:\users\thedr_000\documents\eclipse c workspace\cs256-cplusplusprogramming\bignumberslibrary\bignumberslibrary\bignumbers.cpp(337): warning C4018: '<': signed/unsigned mismatch
c:\users\thedr_000\documents\eclipse c workspace\cs256-cplusplusprogramming\bignumberslibrary\bignumberslibrary\bignumbers.cpp(372): warning C4018: '<': signed/unsigned mismatch
c:\users\thedr_000\documents\eclipse c workspace\cs256-cplusplusprogramming\bignumberslibrary\bignumberslibrary\bignumbers.cpp(423): warning C4018: '<': signed/unsigned mismatch
c:\users\thedr_000\documents\eclipse c workspace\cs256-cplusplusprogramming\bignumberslibrary\bignumberslibrary\bignumbers.cpp(458): warning C4018: '<': signed/unsigned mismatch
c:\users\thedr_000\documents\eclipse c workspace\cs256-cplusplusprogramming\bignumberslibrary\bignumberslibrary\bignumbers.cpp(688): warning C4018: '<': signed/unsigned mismatch
  BigNumbersLibrary.cpp
  Generating Code...
c:\users\thedr_000\documents\eclipse c workspace\cs256-cplusplusprogramming\bignumberslibrary\bignumberslibrary\bignumbers.cpp(123): warning C4715: 'BigNumbers::operator+': not all control paths return a value
c:\users\thedr_000\documents\eclipse c workspace\cs256-cplusplusprogramming\bignumberslibrary\bignumberslibrary\bignumbers.cpp(189): warning C4715: 'BigNumbers::operator-': not all control paths return a value
c:\users\thedr_000\documents\eclipse c workspace\cs256-cplusplusprogramming\bignumberslibrary\bignumberslibrary\bignumbers.cpp(227): warning C4715: 'BigNumbers::operator*': not all control paths return a value
c:\users\thedr_000\documents\eclipse c workspace\cs256-cplusplusprogramming\bignumberslibrary\bignumberslibrary\bignumbers.cpp(397): warning C4715: 'BigNumbers::operator>': not all control paths return a value
c:\users\thedr_000\documents\eclipse c workspace\cs256-cplusplusprogramming\bignumberslibrary\bignumberslibrary\bignumbers.cpp(483): warning C4715: 'BigNumbers::operator<': not all control paths return a value
  LINK : C:\Users\thedr_000\Documents\Eclipse C Workspace\CS256-CPlusPlusProgramming\BigNumbersLibrary\Debug\BigNumbersLibrary.dll not found or not built by the last incremental link; performing full link
  BigNumbersLibrary.vcxproj -> C:\Users\thedr_000\Documents\Eclipse C Workspace\CS256-CPlusPlusProgramming\BigNumbersLibrary\Debug\BigNumbersLibrary.dll
